<?xml version="1.0" encoding="UTF-8"?>
<testsuite xmlns:xsi="http://www.w3.org/2001/XMLSchema-instance" xsi:noNamespaceSchemaLocation="https://maven.apache.org/surefire/maven-surefire-plugin/xsd/surefire-test-report-3.0.xsd" version="3.0" name="ru.Oop.GameByEfcko.TestGame" time="0.007" tests="1" errors="0" skipped="0" failures="0">
  <properties>
    <property name="java.specification.version" value="21"/>
    <property name="sun.cpu.isalist" value="amd64"/>
    <property name="sun.jnu.encoding" value="Cp1251"/>
    <property name="java.class.path" value="C:\Users\shere\IdeaProjects\Exersise_Dmitry\target\test-classes;C:\Users\shere\IdeaProjects\Exersise_Dmitry\target\classes;C:\Users\shere\.m2\repository\org\junit\jupiter\junit-jupiter-api\5.10.2\junit-jupiter-api-5.10.2.jar;C:\Users\shere\.m2\repository\org\opentest4j\opentest4j\1.3.0\opentest4j-1.3.0.jar;C:\Users\shere\.m2\repository\org\junit\platform\junit-platform-commons\1.10.2\junit-platform-commons-1.10.2.jar;C:\Users\shere\.m2\repository\org\apiguardian\apiguardian-api\1.1.2\apiguardian-api-1.1.2.jar;C:\Users\shere\.m2\repository\org\projectlombok\lombok\1.18.30\lombok-1.18.30.jar;C:\Users\shere\.m2\repository\org\apache\commons\commons-lang3\3.14.0\commons-lang3-3.14.0.jar;C:\Users\shere\.m2\repository\org\mapstruct\mapstruct\1.6.3\mapstruct-1.6.3.jar;C:\Users\shere\.m2\repository\javax\inject\javax.inject\1\javax.inject-1.jar;"/>
    <property name="java.vm.vendor" value="Oracle Corporation"/>
    <property name="sun.arch.data.model" value="64"/>
    <property name="user.variant" value=""/>
    <property name="java.vendor.url" value="https://java.oracle.com/"/>
    <property name="user.timezone" value="Europe/Moscow"/>
    <property name="os.name" value="Windows 10"/>
    <property name="java.vm.specification.version" value="21"/>
    <property name="sun.java.launcher" value="SUN_STANDARD"/>
    <property name="user.country" value="RU"/>
    <property name="sun.boot.library.path" value="C:\Program Files\Java\jdk-21\bin"/>
    <property name="sun.java.command" value="C:\Users\shere\AppData\Local\Temp\surefire16074576864183138642\surefirebooter-20250423200606972_3.jar C:\Users\shere\AppData\Local\Temp\surefire16074576864183138642 2025-04-23T20-06-06_678-jvmRun1 surefire-20250423200606972_1tmp surefire_0-20250423200606972_2tmp"/>
    <property name="jdk.debug" value="release"/>
    <property name="surefire.test.class.path" value="C:\Users\shere\IdeaProjects\Exersise_Dmitry\target\test-classes;C:\Users\shere\IdeaProjects\Exersise_Dmitry\target\classes;C:\Users\shere\.m2\repository\org\junit\jupiter\junit-jupiter-api\5.10.2\junit-jupiter-api-5.10.2.jar;C:\Users\shere\.m2\repository\org\opentest4j\opentest4j\1.3.0\opentest4j-1.3.0.jar;C:\Users\shere\.m2\repository\org\junit\platform\junit-platform-commons\1.10.2\junit-platform-commons-1.10.2.jar;C:\Users\shere\.m2\repository\org\apiguardian\apiguardian-api\1.1.2\apiguardian-api-1.1.2.jar;C:\Users\shere\.m2\repository\org\projectlombok\lombok\1.18.30\lombok-1.18.30.jar;C:\Users\shere\.m2\repository\org\apache\commons\commons-lang3\3.14.0\commons-lang3-3.14.0.jar;C:\Users\shere\.m2\repository\org\mapstruct\mapstruct\1.6.3\mapstruct-1.6.3.jar;C:\Users\shere\.m2\repository\javax\inject\javax.inject\1\javax.inject-1.jar;"/>
    <property name="sun.cpu.endian" value="little"/>
    <property name="user.home" value="C:\Users\shere"/>
    <property name="user.language" value="ru"/>
    <property name="java.specification.vendor" value="Oracle Corporation"/>
    <property name="java.version.date" value="2023-10-17"/>
    <property name="java.home" value="C:\Program Files\Java\jdk-21"/>
    <property name="file.separator" value="\"/>
    <property name="basedir" value="C:\Users\shere\IdeaProjects\Exersise_Dmitry"/>
    <property name="java.vm.compressedOopsMode" value="Zero based"/>
    <property name="line.separator" value="&#10;"/>
    <property name="java.vm.specification.vendor" value="Oracle Corporation"/>
    <property name="java.specification.name" value="Java Platform API Specification"/>
    <property name="surefire.real.class.path" value="C:\Users\shere\AppData\Local\Temp\surefire16074576864183138642\surefirebooter-20250423200606972_3.jar"/>
    <property name="user.script" value=""/>
    <property name="sun.management.compiler" value="HotSpot 64-Bit Tiered Compilers"/>
    <property name="java.runtime.version" value="21.0.1+12-LTS-29"/>
    <property name="user.name" value="shere"/>
    <property name="stdout.encoding" value="Cp1251"/>
    <property name="path.separator" value=";"/>
    <property name="os.version" value="10.0"/>
    <property name="java.runtime.name" value="Java(TM) SE Runtime Environment"/>
    <property name="file.encoding" value="UTF-8"/>
    <property name="java.vm.name" value="Java HotSpot(TM) 64-Bit Server VM"/>
    <property name="localRepository" value="C:\Users\shere\.m2\repository"/>
    <property name="java.vendor.url.bug" value="https://bugreport.java.com/bugreport/"/>
    <property name="java.io.tmpdir" value="C:\Users\shere\AppData\Local\Temp\"/>
    <property name="idea.version" value="2024.3.4"/>
    <property name="java.version" value="21.0.1"/>
    <property name="user.dir" value="C:\Users\shere\IdeaProjects\Exersise_Dmitry"/>
    <property name="os.arch" value="amd64"/>
    <property name="java.vm.specification.name" value="Java Virtual Machine Specification"/>
    <property name="sun.os.patch.level" value=""/>
    <property name="native.encoding" value="Cp1251"/>
    <property name="java.library.path" value="C:\Program Files\Java\jdk-21\bin;C:\Windows\Sun\Java\bin;C:\Windows\system32;C:\Windows;C:\Program Files\Common Files\Oracle\Java\javapath;C:\Program Files (x86)\Common Files\Oracle\Java\javapath;C:\Windows\system32;C:\Windows;C:\Windows\System32\Wbem;C:\Windows\System32\WindowsPowerShell\v1.0\;C:\Windows\System32\OpenSSH\;C:\Program Files\Git\cmd;C:\Program Files\dotnet\;C:\Users\shere\AppData\Local\Microsoft\WindowsApps;;."/>
    <property name="java.vm.info" value="mixed mode, sharing"/>
    <property name="stderr.encoding" value="Cp1251"/>
    <property name="java.vendor" value="Oracle Corporation"/>
    <property name="java.vm.version" value="21.0.1+12-LTS-29"/>
    <property name="sun.io.unicode.encoding" value="UnicodeLittle"/>
    <property name="java.class.version" value="65.0"/>
  </properties>
  <testcase name="testBattle" classname="ru.Oop.GameByEfcko.TestGame" time="0.005">
    <system-out><![CDATA[Gnorg: наносит урон 12 ед. Троль: 200/188 HP
Троль: регенирует +4 HP. Троль: 200/192 HP
Троль: наносит урон 29 ед. Gnorg: 150/136 HP


Gnorg: наносит урон 18 ед. Троль: 200/174 HP
Троль: регенирует +5 HP. Троль: 200/179 HP
Троль: наносит урон 29 ед. Gnorg: 150/122 HP


Gnorg: наносит урон 24 ед. Троль: 200/155 HP
Троль: регенирует +5 HP. Троль: 200/160 HP
Троль: наносит урон 28 ед. Gnorg: 150/109 HP


Gnorg: наносит урон 15 ед. Троль: 200/145 HP
Троль: регенирует +3 HP. Троль: 200/148 HP
Троль: наносит урон 27 ед. Gnorg: 150/97 HP


Gnorg: наносит урон 17 ед. Троль: 200/131 HP
Троль: регенирует +4 HP. Троль: 200/135 HP
Троль: наносит урон 20 ед. Gnorg: 150/92 HP


Gnorg: наносит урон 11 ед. Троль: 200/124 HP
Троль: регенирует +4 HP. Троль: 200/128 HP
Троль: наносит урон 20 ед. Gnorg: 150/87 HP


Gnorg: наносит урон 20 ед. Троль: 200/108 HP
Троль: регенирует +5 HP. Троль: 200/113 HP
Троль: наносит урон 32 ед. Gnorg: 150/70 HP
Gnorg: использует Маленькое зелье здоровья +16 HP Gnorg: 150/86 HP


Gnorg: наносит урон 10 ед. Троль: 200/103 HP
Троль: регенирует +3 HP. Троль: 200/106 HP
Троль: наносит урон 34 ед. Gnorg: 150/67 HP
Gnorg: использует Маленькое зелье здоровья +19 HP Gnorg: 150/86 HP


Gnorg: наносит урон 19 ед. Троль: 200/87 HP
Троль: регенирует +3 HP. Троль: 200/90 HP
Троль: наносит урон 34 ед. Gnorg: 150/67 HP
Gnorg: использует Маленькое зелье здоровья +19 HP Gnorg: 150/86 HP


Gnorg: наносит урон 10 ед. Троль: 200/80 HP
Троль: регенирует +5 HP. Троль: 200/85 HP
Троль: наносит урон 20 ед. Gnorg: 150/81 HP


Gnorg: наносит урон 23 ед. Троль: 200/62 HP
Троль: регенирует +3 HP. Троль: 200/65 HP
Троль: наносит урон 34 ед. Gnorg: 150/62 HP
Gnorg: использует Маленькое зелье здоровья +18 HP Gnorg: 150/80 HP


Gnorg: наносит урон 14 ед. Троль: 200/51 HP
Троль: регенирует +4 HP. Троль: 200/55 HP
Троль: наносит урон 26 ед. Gnorg: 150/69 HP
Gnorg: использует Маленькое зелье здоровья +19 HP Gnorg: 150/88 HP


Gnorg: наносит урон 23 ед. Троль: 200/32 HP
Троль: регенирует +3 HP. Троль: 200/35 HP
Троль: наносит урон 24 ед. Gnorg: 150/79 HP


Gnorg: наносит урон 19 ед. Троль: 200/16 HP
Троль: регенирует +4 HP. Троль: 200/20 HP
Троль: наносит урон 22 ед. Gnorg: 150/72 HP
Gnorg: использует Маленькое зелье здоровья +12 HP Gnorg: 150/84 HP


Gnorg: наносит урон 24 ед. Троль: 200/-4 HP
Троль: регенирует +5 HP. Троль: 200/1 HP
Троль: наносит урон 30 ед. Gnorg: 150/69 HP
Gnorg: использует Маленькое зелье здоровья +10 HP Gnorg: 150/79 HP


Gnorg: наносит урон 15 ед. Троль: 200/-14 HP
Троль: регенирует +3 HP. Троль: 200/-11 HP
Троль: наносит урон 27 ед. Gnorg: 150/67 HP
Gnorg: использует Маленькое зелье здоровья +14 HP Gnorg: 150/81 HP


Троль мертв
Бой окончен за 16 раундов]]></system-out>
  </testcase>
</testsuite>